[]
[Logger initialized.]
[Source file sanity check successful.]
[Interpreter [ test/src1.xen ] started at <Time: 2023-11-26 04:57:24 +0530 IST >]
[Interpreter ended at < 2023-11-26 04:57:24 +0530 IST >]
[]
[Logger initialized.]
[Source file sanity check successful.]
[Interpreter [ test/src1.xen ] started at <Time: 2023-11-26 04:57:42 +0530 IST >]
[Interpreter ended at < 2023-11-26 04:57:42 +0530 IST >]
[]
[Logger initialized.]
[Source file sanity check successful.]
[Interpreter [ [test/src1.xen] ] started at <Time: 2023-11-26 04:58:10 +0530 IST >]
[Interpreter ended at < 2023-11-26 04:58:10 +0530 IST >]
[]
[Logger initialized.]
[Source file sanity check successful.]
[Interpreter [ [test/src1.xen -d] ] started at <Time: 2023-11-26 04:58:52 +0530 IST >]
[Interpreter ended at < 2023-11-26 04:58:52 +0530 IST >]
[]
[Logger initialized.]
[Source file sanity check successful.]
[Interpreter  [test/src1.xen]  started at <Time: 2023-11-26 04:59:16 +0530 IST >]
[Interpreter ended at < 2023-11-26 04:59:16 +0530 IST >]
[]
[Logger initialized.]
[Source file sanity check successful.]
[Interpreter  [test\src1.xen]  started at <Time: 2023-11-26 05:13:37 +0530 IST >]
[Interpreter ended at < 2023-11-26 05:13:37 +0530 IST >]
[]
[Logger initialized.]
[Source file sanity check successful.]
[Interpreter  [test/src1.xen]  started at <Time: 2023-11-26 05:14:24 +0530 IST >]
[Interpreter ended at < 2023-11-26 05:14:24 +0530 IST >]
[]
[Logger initialized.]
[Source file sanity check successful.]
[Interpreter  [test/src1.xen]  started at <Time: 2023-11-26 14:08:21 +0530 IST >]
[Interpreter ended at < 2023-11-26 14:08:21 +0530 IST >]
[]
[Logger initialized.]
[Source file sanity check successful.]
[Interpreter  [test/src1.xen]  started at <Time: 2023-11-26 14:09:02 +0530 IST >]
[Interpreter ended at < 2023-11-26 14:09:02 +0530 IST >]
[]
[Logger initialized.]
[Source file sanity check successful.]
[Interpreter  [test/src1.xen]  started at <Time: 2023-11-26 14:11:07 +0530 IST >]
[Interpreter ended at < 2023-11-26 14:11:07 +0530 IST >]
[]
[Logger initialized.]
[Source file sanity check successful.]
[Interpreter  [test/src1.xen]  started at <Time: 2023-11-26 14:11:43 +0530 IST >]
[Interpreter ended at < 2023-11-26 14:11:43 +0530 IST >]
[]
[Logger initialized.]
